  BezierCurve.cpp
d:\egyetem\6.felev\onlab\sample-framework-master\beziercurve.cpp(12): warning C4100: 'forStatic': unreferenced formal parameter
d:\egyetem\6.felev\onlab\sample-framework-master\beziercurve.cpp(101): warning C4244: 'argument': conversion from 'double' to 'const unsigned __int64', possible loss of data
d:\egyetem\6.felev\onlab\sample-framework-master\beziercurve.cpp(107): warning C4267: 'argument': conversion from 'size_t' to 'const _Ty', possible loss of data
          with
          [
              _Ty=int
          ]
d:\egyetem\6.felev\onlab\sample-framework-master\beziercurve.cpp(158): warning C4100: 'scale': unreferenced formal parameter
d:\egyetem\6.felev\onlab\sample-framework-master\beziercurve.cpp(297): warning C4244: 'initializing': conversion from 'Eigen::EigenBase<Derived>::Index' to 'int', possible loss of data
          with
          [
              Derived=Eigen::Matrix<autodiff::forward::dual,-1,1,0,-1,1>
          ]
d:\egyetem\6.felev\onlab\sample-framework-master\beziercurve.cpp(338): warning C4189: 'z': local variable is initialized but not referenced
d:\egyetem\6.felev\onlab\sample-framework-master\beziercurve.cpp(424): warning C4244: 'argument': conversion from 'size_t' to 'double', possible loss of data
d:\egyetem\6.felev\onlab\sample-framework-master\beziercurve.cpp(479): warning C4244: 'initializing': conversion from 'Eigen::EigenBase<Derived>::Index' to 'int', possible loss of data
          with
          [
              Derived=Eigen::Matrix<autodiff::forward::dual,-1,1,0,-1,1>
          ]
d:\egyetem\6.felev\onlab\sample-framework-master\beziercurve.cpp(519): warning C4244: 'initializing': conversion from 'Eigen::EigenBase<Derived>::Index' to 'int', possible loss of data
          with
          [
              Derived=Eigen::Matrix<autodiff::forward::dual,-1,1,0,-1,1>
          ]
d:\egyetem\6.felev\onlab\sample-framework-master\beziercurve.cpp(520): warning C4189: 'i': local variable is initialized but not referenced
d:\egyetem\6.felev\onlab\sample-framework-master\beziercurve.cpp(568): warning C4244: 'initializing': conversion from 'Eigen::EigenBase<Derived>::Index' to 'int', possible loss of data
          with
          [
              Derived=Eigen::Matrix<autodiff::forward::dual,-1,1,0,-1,1>
          ]
d:\egyetem\6.felev\onlab\sample-framework-master\beziercurve.cpp(570): warning C4189: 'i': local variable is initialized but not referenced
d:\egyetem\6.felev\onlab\sample-framework-master\beziercurve.cpp(900): warning C4244: 'initializing': conversion from 'double' to 'float', possible loss of data
d:\egyetem\6.felev\onlab\sample-framework-master\beziercurve.cpp(872): warning C4715: 'BezierCurve::getIndexOfContorlPoint': not all control paths return a value
  sample-framework.vcxproj -> D:\Egyetem\6.felev\Onlab\sample-framework-master\debug\sample-framework.exe
