d:\egyetem\6.felev\onlab\sample-framework-master\debug\qrc_sample-framework.obj
d:\egyetem\6.felev\onlab\sample-framework-master\debug\moc_mywindow.obj
d:\egyetem\6.felev\onlab\sample-framework-master\debug\moc_myviewer.obj
d:\egyetem\6.felev\onlab\sample-framework-master\debug\myviewer.obj
d:\egyetem\6.felev\onlab\sample-framework-master\debug\mywindow.obj
d:\egyetem\6.felev\onlab\sample-framework-master\debug\main.obj
d:\egyetem\6.felev\onlab\sample-framework-master\debug\vc141.pdb
d:\egyetem\6.felev\onlab\sample-framework-master\debug\moc_predefs.h
d:\egyetem\6.felev\onlab\sample-framework-master\debug\sample-framework.ilk
d:\egyetem\6.felev\onlab\sample-framework-master\debug\sample-framework.exe
d:\egyetem\6.felev\onlab\sample-framework-master\debug\sample-framework.pdb
d:\egyetem\6.felev\onlab\sample-framework-master\debug\moc_myviewer.cpp
d:\egyetem\6.felev\onlab\sample-framework-master\debug\moc_mywindow.cpp
d:\egyetem\6.felev\onlab\sample-framework-master\debug\qrc_sample-framework.cpp
d:\egyetem\6.felev\onlab\sample-framework-master\debug\sample-framework.tlog\cl.13668.write.1.tlog
d:\egyetem\6.felev\onlab\sample-framework-master\debug\sample-framework.tlog\cl.command.1.tlog
d:\egyetem\6.felev\onlab\sample-framework-master\debug\sample-framework.tlog\cl.read.1.tlog
d:\egyetem\6.felev\onlab\sample-framework-master\debug\sample-framework.tlog\custombuild.command.1.tlog
d:\egyetem\6.felev\onlab\sample-framework-master\debug\sample-framework.tlog\custombuild.read.1.tlog
d:\egyetem\6.felev\onlab\sample-framework-master\debug\sample-framework.tlog\custombuild.write.1.tlog
d:\egyetem\6.felev\onlab\sample-framework-master\debug\sample-framework.tlog\link.command.1.tlog
d:\egyetem\6.felev\onlab\sample-framework-master\debug\sample-framework.tlog\link.read.1.tlog
d:\egyetem\6.felev\onlab\sample-framework-master\debug\sample-framework.tlog\link.write.1.tlog
d:\egyetem\6.felev\onlab\sample-framework-master\debug\sample-framework.tlog\moc.read.1u.tlog
d:\egyetem\6.felev\onlab\sample-framework-master\debug\sample-framework.tlog\moc.write.1u.tlog
d:\egyetem\6.felev\onlab\sample-framework-master\debug\sample-framework.tlog\rcc.read.1u.tlog
d:\egyetem\6.felev\onlab\sample-framework-master\debug\sample-framework.tlog\rcc.write.1u.tlog
d:\egyetem\6.felev\onlab\sample-framework-master\debug\sample-framework.tlog\sample-framework.write.1u.tlog
